<?xml version="1.0" encoding="UTF-8"?>
<testng-results skipped="0" failed="1" ignored="0" total="3" passed="2">
  <reporter-output>
  </reporter-output>
  <suite name="Default suite" duration-ms="51077" started-at="2018-09-10T06:22:44Z" finished-at="2018-09-10T06:23:35Z">
    <groups>
    </groups>
    <test name="Default test" duration-ms="51077" started-at="2018-09-10T06:22:44Z" finished-at="2018-09-10T06:23:35Z">
      <class name="jprogress.ProgressBar2">
        <test-method status="PASS" signature="before()[pri:0, instance:jprogress.ProgressBar2@28ac3dc3]" name="before" is-config="true" duration-ms="166" started-at="2018-09-10T06:22:44Z" finished-at="2018-09-10T06:22:44Z">
          <reporter-output>
          </reporter-output>
        </test-method> <!-- before -->
        <test-method status="PASS" signature="f()[pri:0, instance:jprogress.ProgressBar2@28ac3dc3]" name="f" duration-ms="15220" started-at="2018-09-10T06:22:44Z" finished-at="2018-09-10T06:22:59Z">
          <reporter-output>
          </reporter-output>
        </test-method> <!-- f -->
        <test-method status="PASS" signature="g(org.testng.ITestResult)[pri:0, instance:jprogress.ProgressBar2@28ac3dc3]" name="g" is-config="true" duration-ms="5" started-at="2018-09-10T06:22:59Z" finished-at="2018-09-10T06:22:59Z">
          <params>
            <param index="0">
              <value>
                <![CDATA[[TestResult name=f status=SUCCESS method=ProgressBar2.f()[pri:0, instance:jprogress.ProgressBar2@28ac3dc3] output={null}]]]>
              </value>
            </param>
          </params>
          <reporter-output>
          </reporter-output>
        </test-method> <!-- g -->
        <test-method status="FAIL" signature="f1()[pri:0, instance:jprogress.ProgressBar2@28ac3dc3]" name="f1" duration-ms="12744" started-at="2018-09-10T06:22:59Z" finished-at="2018-09-10T06:23:12Z">
          <exception class="junit.framework.ComparisonFailure">
            <message>
              <![CDATA[expected:<https://www.amazon.in/> but was:<ww>]]>
            </message>
            <full-stacktrace>
              <![CDATA[junit.framework.ComparisonFailure: expected:<https://www.amazon.in/> but was:<ww>
at junit.framework.Assert.assertEquals(Assert.java:81)
at junit.framework.Assert.assertEquals(Assert.java:87)
at jprogress.ProgressBar2.f1(ProgressBar2.java:111)
at sun.reflect.NativeMethodAccessorImpl.invoke0(Native Method)
at sun.reflect.NativeMethodAccessorImpl.invoke(NativeMethodAccessorImpl.java:62)
at sun.reflect.DelegatingMethodAccessorImpl.invoke(DelegatingMethodAccessorImpl.java:43)
at java.lang.reflect.Method.invoke(Method.java:498)
at org.testng.internal.MethodInvocationHelper.invokeMethod(MethodInvocationHelper.java:124)
at org.testng.internal.Invoker.invokeMethod(Invoker.java:580)
at org.testng.internal.Invoker.invokeTestMethod(Invoker.java:716)
at org.testng.internal.Invoker.invokeTestMethods(Invoker.java:988)
at org.testng.internal.TestMethodWorker.invokeTestMethods(TestMethodWorker.java:125)
at org.testng.internal.TestMethodWorker.run(TestMethodWorker.java:109)
at org.testng.TestRunner.privateRun(TestRunner.java:648)
at org.testng.TestRunner.run(TestRunner.java:505)
at org.testng.SuiteRunner.runTest(SuiteRunner.java:455)
at org.testng.SuiteRunner.runSequentially(SuiteRunner.java:450)
at org.testng.SuiteRunner.privateRun(SuiteRunner.java:415)
at org.testng.SuiteRunner.run(SuiteRunner.java:364)
at org.testng.SuiteRunnerWorker.runSuite(SuiteRunnerWorker.java:52)
at org.testng.SuiteRunnerWorker.run(SuiteRunnerWorker.java:84)
at org.testng.TestNG.runSuitesSequentially(TestNG.java:1208)
at org.testng.TestNG.runSuitesLocally(TestNG.java:1137)
at org.testng.TestNG.runSuites(TestNG.java:1049)
at org.testng.TestNG.run(TestNG.java:1017)
at org.testng.remote.AbstractRemoteTestNG.run(AbstractRemoteTestNG.java:114)
at org.testng.remote.RemoteTestNG.initAndRun(RemoteTestNG.java:251)
at org.testng.remote.RemoteTestNG.main(RemoteTestNG.java:77)
]]>
            </full-stacktrace>
          </exception> <!-- junit.framework.ComparisonFailure -->
          <reporter-output>
          </reporter-output>
        </test-method> <!-- f1 -->
        <test-method status="PASS" signature="g(org.testng.ITestResult)[pri:0, instance:jprogress.ProgressBar2@28ac3dc3]" name="g" is-config="true" duration-ms="0" started-at="2018-09-10T06:23:12Z" finished-at="2018-09-10T06:23:12Z">
          <params>
            <param index="0">
              <value>
                <![CDATA[[TestResult name=f1 status=FAILURE method=ProgressBar2.f1()[pri:0, instance:jprogress.ProgressBar2@28ac3dc3] output={null}]]]>
              </value>
            </param>
          </params>
          <reporter-output>
          </reporter-output>
        </test-method> <!-- g -->
        <test-method status="PASS" signature="f2()[pri:0, instance:jprogress.ProgressBar2@28ac3dc3]" name="f2" duration-ms="12862" started-at="2018-09-10T06:23:12Z" finished-at="2018-09-10T06:23:25Z">
          <reporter-output>
          </reporter-output>
        </test-method> <!-- f2 -->
        <test-method status="PASS" signature="g(org.testng.ITestResult)[pri:0, instance:jprogress.ProgressBar2@28ac3dc3]" name="g" is-config="true" duration-ms="0" started-at="2018-09-10T06:23:25Z" finished-at="2018-09-10T06:23:25Z">
          <params>
            <param index="0">
              <value>
                <![CDATA[[TestResult name=f2 status=SUCCESS method=ProgressBar2.f2()[pri:0, instance:jprogress.ProgressBar2@28ac3dc3] output={null}]]]>
              </value>
            </param>
          </params>
          <reporter-output>
          </reporter-output>
        </test-method> <!-- g -->
        <test-method status="PASS" signature="after()[pri:0, instance:jprogress.ProgressBar2@28ac3dc3]" name="after" is-config="true" duration-ms="10013" started-at="2018-09-10T06:23:25Z" finished-at="2018-09-10T06:23:35Z">
          <reporter-output>
          </reporter-output>
        </test-method> <!-- after -->
      </class> <!-- jprogress.ProgressBar2 -->
    </test> <!-- Default test -->
  </suite> <!-- Default suite -->
</testng-results>
